0 info it worked if it ends with ok
1 verbose cli [ 'C:\\Program Files\\nodejs\\node.exe',
1 verbose cli   'C:\\Users\\hwpepsi\\AppData\\Roaming\\npm\\node_modules\\npm\\bin\\npm-cli.js',
1 verbose cli   'start' ]
2 info using npm@4.0.5
3 info using node@v6.9.1
4 verbose run-script [ 'prestart', 'start', 'poststart' ]
5 info lifecycle dp-react@1.0.0~prestart: dp-react@1.0.0
6 silly lifecycle dp-react@1.0.0~prestart: no script for prestart, continuing
7 info lifecycle dp-react@1.0.0~start: dp-react@1.0.0
8 verbose lifecycle dp-react@1.0.0~start: unsafe-perm in lifecycle true
9 verbose lifecycle dp-react@1.0.0~start: PATH: C:\Users\hwpepsi\AppData\Roaming\npm\node_modules\npm\bin\node-gyp-bin;C:\Users\hwpepsi\Desktop\practice\dp-react\node_modules\.bin;C:\ProgramData\Oracle\Java\javapath;C:\Program Files (x86)\Intel\iCLS Client\;C:\Program Files\Intel\iCLS Client\;C:\WINDOWS\system32;C:\WINDOWS;C:\WINDOWS\System32\Wbem;C:\WINDOWS\System32\WindowsPowerShell\v1.0\;C:\Program Files (x86)\Intel\Intel(R) Management Engine Components\DAL;C:\Program Files\Intel\Intel(R) Management Engine Components\DAL;C:\Program Files (x86)\Intel\Intel(R) Management Engine Components\IPT;C:\Program Files\Intel\Intel(R) Management Engine Components\IPT;C:\Program Files (x86)\ATI Technologies\ATI.ACE\Core-Static;C:\Program Files\Intel\WiFi\bin\;C:\Program Files\Common Files\Intel\WirelessCommon\;C:\Program Files\nodejs\;C:\Users\hwpepsi\AppData\Local\Microsoft\WindowsApps;C:\Users\hwpepsi\AppData\Roaming\npm;C:\Program Files (x86)\SSH Communications Security\SSH Secure Shell
10 verbose lifecycle dp-react@1.0.0~start: CWD: C:\Users\hwpepsi\Desktop\practice\dp-react
11 silly lifecycle dp-react@1.0.0~start: Args: [ '/d /s /c',
11 silly lifecycle   'set NODE_ENV=dev && webpack-dev-server --progress --colors --port 8989' ]
12 silly lifecycle dp-react@1.0.0~start: Returned: code: 3221225786  signal: null
13 info lifecycle dp-react@1.0.0~start: Failed to exec start script
14 verbose stack Error: dp-react@1.0.0 start: `set NODE_ENV=dev && webpack-dev-server --progress --colors --port 8989`
14 verbose stack Exit status 3221225786
14 verbose stack     at EventEmitter.<anonymous> (C:\Users\hwpepsi\AppData\Roaming\npm\node_modules\npm\lib\utils\lifecycle.js:279:16)
14 verbose stack     at emitTwo (events.js:106:13)
14 verbose stack     at EventEmitter.emit (events.js:191:7)
14 verbose stack     at ChildProcess.<anonymous> (C:\Users\hwpepsi\AppData\Roaming\npm\node_modules\npm\lib\utils\spawn.js:40:14)
14 verbose stack     at emitTwo (events.js:106:13)
14 verbose stack     at ChildProcess.emit (events.js:191:7)
14 verbose stack     at maybeClose (internal/child_process.js:877:16)
14 verbose stack     at Process.ChildProcess._handle.onexit (internal/child_process.js:226:5)
15 verbose pkgid dp-react@1.0.0
16 verbose cwd C:\Users\hwpepsi\Desktop\practice\dp-react
17 error Windows_NT 10.0.14393
18 error argv "C:\\Program Files\\nodejs\\node.exe" "C:\\Users\\hwpepsi\\AppData\\Roaming\\npm\\node_modules\\npm\\bin\\npm-cli.js" "start"
19 error node v6.9.1
20 error npm  v4.0.5
21 error code ELIFECYCLE
22 error dp-react@1.0.0 start: `set NODE_ENV=dev && webpack-dev-server --progress --colors --port 8989`
22 error Exit status 3221225786
23 error Failed at the dp-react@1.0.0 start script 'set NODE_ENV=dev && webpack-dev-server --progress --colors --port 8989'.
23 error Make sure you have the latest version of node.js and npm installed.
23 error If you do, this is most likely a problem with the dp-react package,
23 error not with npm itself.
23 error Tell the author that this fails on your system:
23 error     set NODE_ENV=dev && webpack-dev-server --progress --colors --port 8989
23 error You can get information on how to open an issue for this project with:
23 error     npm bugs dp-react
23 error Or if that isn't available, you can get their info via:
23 error     npm owner ls dp-react
23 error There is likely additional logging output above.
24 verbose exit [ 1, true ]
